INFO 2025-04-19 19:51:14,089 views 43304 3560 Stopping bot 2...
INFO 2025-04-19 19:51:14,090 bot 43304 3560 Bot TEST is not running
INFO 2025-04-19 19:51:15,464 views 43304 3560 Starting bot 2...
INFO 2025-04-19 19:51:15,464 bot 43304 3560 Starting bot TEST...
INFO 2025-04-19 19:51:15,465 bot 43304 41544 Running bot TEST with token: MTA4MTYyOD...
INFO 2025-04-19 19:51:18,165 views 43304 3560 Attempting to send test message for bot 2 to channel 1355842370188349523
INFO 2025-04-19 19:51:18,166 bot 43304 3560 Waiting for bot TEST to be ready...
INFO 2025-04-19 19:51:19,211 bot 43304 41544 Bot 龍華物聯網專班專用機器人#0364 (ID: 1081628780281479168) has connected to Discord!
INFO 2025-04-19 19:51:19,211 bot 43304 41544 Connected to 3 guilds:
INFO 2025-04-19 19:51:19,212 bot 43304 41544 - 物聯網專班F717 (ID: 910869355380760636)
INFO 2025-04-19 19:51:19,212 bot 43304 41544   - Channel: 聊天、講幹話 (ID: 1037362701795602463)
INFO 2025-04-19 19:51:19,212 bot 43304 41544   - Channel: 課表-111 (ID: 1341205398321102970)
INFO 2025-04-19 19:51:19,212 bot 43304 41544   - Channel: 課表-112 (ID: 1341205446769512469)
INFO 2025-04-19 19:51:19,212 bot 43304 41544   - Channel: 老師訊息-111 (ID: 1308410287497674813)
INFO 2025-04-19 19:51:19,212 bot 43304 41544   - Channel: 老師訊息-112 (ID: 1308410318812090420)
INFO 2025-04-19 19:51:19,213 bot 43304 41544   - Channel: 比賽資訊 (ID: 1080298268308811796)
INFO 2025-04-19 19:51:19,213 bot 43304 41544   - Channel: 費用收據_請勿聊天 (ID: 1308026062860714004)
INFO 2025-04-19 19:51:19,213 bot 43304 41544   - Channel: 比賽照片_請勿聊天 (ID: 1308026283329851412)
INFO 2025-04-19 19:51:19,213 bot 43304 41544   - Channel: 專題製作-111 (ID: 1087695837079011348)
INFO 2025-04-19 19:51:19,213 bot 43304 41544   - Channel: 專題製作-112 (ID: 1298876974810402867)
INFO 2025-04-19 19:51:19,213 bot 43304 41544   - Channel: 遊戲區 (ID: 1211681129598287943)
INFO 2025-04-19 19:51:19,214 bot 43304 41544   - Channel: 每日簽到 (ID: 1227862940430893097)
INFO 2025-04-19 19:51:19,214 bot 43304 41544   - Channel: 暑假倒數 (ID: 1081622004756643981)
INFO 2025-04-19 19:51:19,214 bot 43304 41544   - Channel: 硬體買賣 (ID: 1093562341951537242)
INFO 2025-04-19 19:51:19,214 bot 43304 41544 - 取啥好呢(BOTtest) (ID: 1087353449299066921)
INFO 2025-04-19 19:51:19,214 bot 43304 41544   - Channel: discord內建訊息 (ID: 1337416533084737558)
INFO 2025-04-19 19:51:19,214 bot 43304 41544   - Channel: bot_test (ID: 1087353450079191072)
INFO 2025-04-19 19:51:19,215 bot 43304 41544   - Channel: 比賽資訊 (ID: 1337414495412293705)
INFO 2025-04-19 19:51:19,215 bot 43304 41544   - Channel: 公告發布 (ID: 1337414649217552384)
INFO 2025-04-19 19:51:19,215 bot 43304 41544   - Channel: 閒聊 (ID: 1337415742441652234)
INFO 2025-04-19 19:51:19,215 bot 43304 41544   - Channel: 專題製作 (ID: 1342103823019147295)
INFO 2025-04-19 19:51:19,215 bot 43304 41544 - BOT TEST (ID: 1348291139085533280)
INFO 2025-04-19 19:51:19,215 bot 43304 41544   - Channel: 欢迎-和-规则 (ID: 1348291139660156930)
INFO 2025-04-19 19:51:19,215 bot 43304 41544   - Channel: 笔记-资源 (ID: 1348291139660156931)
INFO 2025-04-19 19:51:19,215 bot 43304 41544   - Channel: 综合 (ID: 1348291139660156933)
INFO 2025-04-19 19:51:19,215 bot 43304 41544   - Channel: 作业帮助 (ID: 1348291139660156934)
INFO 2025-04-19 19:51:19,215 bot 43304 41544   - Channel: 会话规划 (ID: 1348291139660156935)
INFO 2025-04-19 19:51:19,217 bot 43304 41544   - Channel: 题外话 (ID: 1348291139660156936)
INFO 2025-04-19 19:51:19,217 bot 43304 41544   - Channel: 壯年運動會-老人復健 (ID: 1348293091702079498)
INFO 2025-04-19 19:51:19,217 bot 43304 41544   - Channel: 機器人測試頻道 (ID: 1355842370188349523)
DEBUG 2025-04-19 19:51:19,217 bot 43304 41544 Attempting to get channel 1355842370188349523...
INFO 2025-04-19 19:51:19,217 bot 43304 41544 Found channel: 機器人測試頻道 (ID: 1355842370188349523) in guild: BOT TEST
DEBUG 2025-04-19 19:51:19,217 bot 43304 41544 Bot permissions in channel 機器人測試頻道: 1789455108144383
INFO 2025-04-19 19:51:19,218 bot 43304 41544 Sending message to channel 機器人測試頻道: Test message from TEST
INFO 2025-04-19 19:51:19,837 bot 43304 41544 Message sent successfully
INFO 2025-04-19 20:23:41,989 views 43304 32600 Attempting to send test message for bot 2 to channel 1355842370188349523
INFO 2025-04-19 20:23:41,989 bot 43304 32600 Waiting for bot TEST to be ready...
DEBUG 2025-04-19 20:23:41,989 bot 43304 41544 Attempting to get channel 1355842370188349523...
INFO 2025-04-19 20:23:41,989 bot 43304 41544 Found channel: 機器人測試頻道 (ID: 1355842370188349523) in guild: BOT TEST
DEBUG 2025-04-19 20:23:41,989 bot 43304 41544 Bot permissions in channel 機器人測試頻道: 1789455108144383
INFO 2025-04-19 20:23:41,989 bot 43304 41544 Sending message to channel 機器人測試頻道: Test message from TEST
INFO 2025-04-19 20:23:42,326 bot 43304 41544 Message sent successfully
INFO 2025-04-19 20:30:25,037 views 43304 52120 Attempting to send test message for bot 2 to channel 1355842370188349523
INFO 2025-04-19 20:30:25,038 bot 43304 52120 Waiting for bot TEST to be ready...
DEBUG 2025-04-19 20:30:25,038 bot 43304 41544 Attempting to get channel 1355842370188349523...
INFO 2025-04-19 20:30:25,038 bot 43304 41544 Found channel: 機器人測試頻道 (ID: 1355842370188349523) in guild: BOT TEST
DEBUG 2025-04-19 20:30:25,039 bot 43304 41544 Bot permissions in channel 機器人測試頻道: 1789455108144383
INFO 2025-04-19 20:30:25,039 bot 43304 41544 Sending message to channel 機器人測試頻道: Test message from TEST
INFO 2025-04-19 20:30:25,490 bot 43304 41544 Message sent successfully
INFO 2025-04-19 21:34:12,824 views 51756 13448 Stopping bot 2...
INFO 2025-04-19 21:34:12,825 bot 51756 13448 Bot TEST is not running
INFO 2025-04-19 21:41:10,815 views 54152 51564 Starting bot 2...
INFO 2025-04-19 21:41:10,816 bot 54152 51564 Starting bot TEST...
INFO 2025-04-19 21:41:10,816 bot 54152 50008 Running bot TEST with token: MTA4MTYyOD...
INFO 2025-04-19 21:41:14,093 bot 54152 50008 Bot 龍華物聯網專班專用機器人#0364 (ID: 1081628780281479168) has connected to Discord!
INFO 2025-04-19 21:41:14,094 bot 54152 50008 Connected to 3 guilds:
INFO 2025-04-19 21:41:14,094 bot 54152 50008 - 物聯網專班F717 (ID: 910869355380760636)
INFO 2025-04-19 21:41:14,094 bot 54152 50008   - Channel: 聊天、講幹話 (ID: 1037362701795602463)
INFO 2025-04-19 21:41:14,094 bot 54152 50008   - Channel: 課表-111 (ID: 1341205398321102970)
INFO 2025-04-19 21:41:14,094 bot 54152 50008   - Channel: 課表-112 (ID: 1341205446769512469)
INFO 2025-04-19 21:41:14,095 bot 54152 50008   - Channel: 老師訊息-111 (ID: 1308410287497674813)
INFO 2025-04-19 21:41:14,095 bot 54152 50008   - Channel: 老師訊息-112 (ID: 1308410318812090420)
INFO 2025-04-19 21:41:14,095 bot 54152 50008   - Channel: 比賽資訊 (ID: 1080298268308811796)
INFO 2025-04-19 21:41:14,095 bot 54152 50008   - Channel: 費用收據_請勿聊天 (ID: 1308026062860714004)
INFO 2025-04-19 21:41:14,095 bot 54152 50008   - Channel: 比賽照片_請勿聊天 (ID: 1308026283329851412)
INFO 2025-04-19 21:41:14,095 bot 54152 50008   - Channel: 專題製作-111 (ID: 1087695837079011348)
INFO 2025-04-19 21:41:14,095 bot 54152 50008   - Channel: 專題製作-112 (ID: 1298876974810402867)
INFO 2025-04-19 21:41:14,096 bot 54152 50008   - Channel: 遊戲區 (ID: 1211681129598287943)
INFO 2025-04-19 21:41:14,096 bot 54152 50008   - Channel: 每日簽到 (ID: 1227862940430893097)
INFO 2025-04-19 21:41:14,096 bot 54152 50008   - Channel: 暑假倒數 (ID: 1081622004756643981)
INFO 2025-04-19 21:41:14,096 bot 54152 50008   - Channel: 硬體買賣 (ID: 1093562341951537242)
INFO 2025-04-19 21:41:14,096 bot 54152 50008 - 取啥好呢(BOTtest) (ID: 1087353449299066921)
INFO 2025-04-19 21:41:14,096 bot 54152 50008   - Channel: discord內建訊息 (ID: 1337416533084737558)
INFO 2025-04-19 21:41:14,096 bot 54152 50008   - Channel: bot_test (ID: 1087353450079191072)
INFO 2025-04-19 21:41:14,096 bot 54152 50008   - Channel: 比賽資訊 (ID: 1337414495412293705)
INFO 2025-04-19 21:41:14,096 bot 54152 50008   - Channel: 公告發布 (ID: 1337414649217552384)
INFO 2025-04-19 21:41:14,096 bot 54152 50008   - Channel: 閒聊 (ID: 1337415742441652234)
INFO 2025-04-19 21:41:14,097 bot 54152 50008   - Channel: 專題製作 (ID: 1342103823019147295)
INFO 2025-04-19 21:41:14,097 bot 54152 50008 - BOT TEST (ID: 1348291139085533280)
INFO 2025-04-19 21:41:14,097 bot 54152 50008   - Channel: 欢迎-和-规则 (ID: 1348291139660156930)
INFO 2025-04-19 21:41:14,097 bot 54152 50008   - Channel: 笔记-资源 (ID: 1348291139660156931)
INFO 2025-04-19 21:41:14,097 bot 54152 50008   - Channel: 综合 (ID: 1348291139660156933)
INFO 2025-04-19 21:41:14,097 bot 54152 50008   - Channel: 作业帮助 (ID: 1348291139660156934)
INFO 2025-04-19 21:41:14,097 bot 54152 50008   - Channel: 会话规划 (ID: 1348291139660156935)
INFO 2025-04-19 21:41:14,097 bot 54152 50008   - Channel: 题外话 (ID: 1348291139660156936)
INFO 2025-04-19 21:41:14,098 bot 54152 50008   - Channel: 壯年運動會-老人復健 (ID: 1348293091702079498)
INFO 2025-04-19 21:41:14,098 bot 54152 50008   - Channel: 機器人測試頻道 (ID: 1355842370188349523)
INFO 2025-04-19 21:41:14,791 views 54152 51564 Attempting to send test message for bot 2 to channel 1355842370188349523
INFO 2025-04-19 21:41:14,792 bot 54152 51564 Waiting for bot TEST to be ready...
DEBUG 2025-04-19 21:41:14,792 bot 54152 50008 Attempting to get channel 1355842370188349523...
INFO 2025-04-19 21:41:14,792 bot 54152 50008 Found channel: 機器人測試頻道 (ID: 1355842370188349523) in guild: BOT TEST
DEBUG 2025-04-19 21:41:14,794 bot 54152 50008 Bot permissions in channel 機器人測試頻道: 1789455108144383
INFO 2025-04-19 21:41:14,794 bot 54152 50008 Sending message to channel 機器人測試頻道: Test message from TEST
INFO 2025-04-19 21:41:15,113 bot 54152 50008 Message sent successfully
INFO 2025-04-19 23:36:02,022 views 56276 51144 Attempting to send test message for bot 2 to channel 1355842370188349523
ERROR 2025-04-19 23:36:02,025 bot 56276 51144 Attempted to send message while bot is not running
ERROR 2025-04-19 23:36:02,025 views 56276 51144 Runtime error for bot 2: Bot is not running
INFO 2025-04-19 23:36:08,062 views 56276 51144 Stopping bot 2...
INFO 2025-04-19 23:36:08,062 bot 56276 51144 Bot TEST is not running
INFO 2025-04-19 23:36:09,157 views 56276 51144 Starting bot 2...
INFO 2025-04-19 23:36:09,157 bot 56276 51144 Starting bot TEST...
INFO 2025-04-19 23:36:09,158 bot 56276 55128 Running bot TEST with token: MTA4MTYyOD...
INFO 2025-04-19 23:36:12,467 bot 56276 55128 Bot 龍華物聯網專班專用機器人#0364 (ID: 1081628780281479168) has connected to Discord!
INFO 2025-04-19 23:36:12,467 bot 56276 55128 Connected to 3 guilds:
INFO 2025-04-19 23:36:12,467 bot 56276 55128 - 物聯網專班F717 (ID: 910869355380760636)
INFO 2025-04-19 23:36:12,468 bot 56276 55128   - Channel: 聊天、講幹話 (ID: 1037362701795602463)
INFO 2025-04-19 23:36:12,468 bot 56276 55128   - Channel: 課表-111 (ID: 1341205398321102970)
INFO 2025-04-19 23:36:12,468 bot 56276 55128   - Channel: 課表-112 (ID: 1341205446769512469)
INFO 2025-04-19 23:36:12,468 bot 56276 55128   - Channel: 老師訊息-111 (ID: 1308410287497674813)
INFO 2025-04-19 23:36:12,468 bot 56276 55128   - Channel: 老師訊息-112 (ID: 1308410318812090420)
INFO 2025-04-19 23:36:12,469 bot 56276 55128   - Channel: 比賽資訊 (ID: 1080298268308811796)
INFO 2025-04-19 23:36:12,469 bot 56276 55128   - Channel: 費用收據_請勿聊天 (ID: 1308026062860714004)
INFO 2025-04-19 23:36:12,469 bot 56276 55128   - Channel: 比賽照片_請勿聊天 (ID: 1308026283329851412)
INFO 2025-04-19 23:36:12,469 bot 56276 55128   - Channel: 專題製作-111 (ID: 1087695837079011348)
INFO 2025-04-19 23:36:12,469 bot 56276 55128   - Channel: 專題製作-112 (ID: 1298876974810402867)
INFO 2025-04-19 23:36:12,469 bot 56276 55128   - Channel: 遊戲區 (ID: 1211681129598287943)
INFO 2025-04-19 23:36:12,469 bot 56276 55128   - Channel: 每日簽到 (ID: 1227862940430893097)
INFO 2025-04-19 23:36:12,469 bot 56276 55128   - Channel: 暑假倒數 (ID: 1081622004756643981)
INFO 2025-04-19 23:36:12,469 bot 56276 55128   - Channel: 硬體買賣 (ID: 1093562341951537242)
INFO 2025-04-19 23:36:12,471 bot 56276 55128 - 取啥好呢(BOTtest) (ID: 1087353449299066921)
INFO 2025-04-19 23:36:12,471 bot 56276 55128   - Channel: discord內建訊息 (ID: 1337416533084737558)
INFO 2025-04-19 23:36:12,471 bot 56276 55128   - Channel: bot_test (ID: 1087353450079191072)
INFO 2025-04-19 23:36:12,471 bot 56276 55128   - Channel: 比賽資訊 (ID: 1337414495412293705)
INFO 2025-04-19 23:36:12,471 bot 56276 55128   - Channel: 公告發布 (ID: 1337414649217552384)
INFO 2025-04-19 23:36:12,471 bot 56276 55128   - Channel: 閒聊 (ID: 1337415742441652234)
INFO 2025-04-19 23:36:12,471 bot 56276 55128   - Channel: 專題製作 (ID: 1342103823019147295)
INFO 2025-04-19 23:36:12,471 bot 56276 55128 - BOT TEST (ID: 1348291139085533280)
INFO 2025-04-19 23:36:12,471 bot 56276 55128   - Channel: 欢迎-和-规则 (ID: 1348291139660156930)
INFO 2025-04-19 23:36:12,471 bot 56276 55128   - Channel: 笔记-资源 (ID: 1348291139660156931)
INFO 2025-04-19 23:36:12,471 bot 56276 55128   - Channel: 综合 (ID: 1348291139660156933)
INFO 2025-04-19 23:36:12,471 bot 56276 55128   - Channel: 作业帮助 (ID: 1348291139660156934)
INFO 2025-04-19 23:36:12,471 bot 56276 55128   - Channel: 会话规划 (ID: 1348291139660156935)
INFO 2025-04-19 23:36:12,471 bot 56276 55128   - Channel: 题外话 (ID: 1348291139660156936)
INFO 2025-04-19 23:36:12,471 bot 56276 55128   - Channel: 壯年運動會-老人復健 (ID: 1348293091702079498)
INFO 2025-04-19 23:36:12,472 bot 56276 55128   - Channel: 機器人測試頻道 (ID: 1355842370188349523)
INFO 2025-04-19 23:36:20,069 views 56276 51144 Attempting to send test message for bot 2 to channel 1355842370188349523
INFO 2025-04-19 23:36:20,069 bot 56276 51144 Waiting for bot TEST to be ready...
DEBUG 2025-04-19 23:36:20,070 bot 56276 55128 Attempting to get channel 1355842370188349523...
INFO 2025-04-19 23:36:20,070 bot 56276 55128 Found channel: 機器人測試頻道 (ID: 1355842370188349523) in guild: BOT TEST
DEBUG 2025-04-19 23:36:20,070 bot 56276 55128 Bot permissions in channel 機器人測試頻道: 1789455108144383
INFO 2025-04-19 23:36:20,071 bot 56276 55128 Sending message to channel 機器人測試頻道: TEST
INFO 2025-04-19 23:36:20,418 bot 56276 55128 Message sent successfully
INFO 2025-04-19 23:39:25,059 views 56276 51144 Stopping bot 2...
INFO 2025-04-19 23:39:25,059 bot 56276 51144 Stopping bot TEST...
INFO 2025-04-20 00:46:19,836 views 48912 55008 Starting bot 2...
INFO 2025-04-20 00:46:19,836 bot 48912 55008 Starting bot TEST...
INFO 2025-04-20 00:46:19,836 bot 48912 54720 Running bot TEST with token: MTA4MTYyOD...
INFO 2025-04-20 00:46:23,121 bot 48912 54720 Bot 龍華物聯網專班專用機器人#0364 (ID: 1081628780281479168) has connected to Discord!
INFO 2025-04-20 00:46:23,121 bot 48912 54720 Connected to 3 guilds:
INFO 2025-04-20 00:46:23,121 bot 48912 54720 - 物聯網專班F717 (ID: 910869355380760636)
INFO 2025-04-20 00:46:23,122 bot 48912 54720   - Channel: 聊天、講幹話 (ID: 1037362701795602463)
INFO 2025-04-20 00:46:23,122 bot 48912 54720   - Channel: 課表-111 (ID: 1341205398321102970)
INFO 2025-04-20 00:46:23,122 bot 48912 54720   - Channel: 課表-112 (ID: 1341205446769512469)
INFO 2025-04-20 00:46:23,123 bot 48912 54720   - Channel: 老師訊息-111 (ID: 1308410287497674813)
INFO 2025-04-20 00:46:23,123 bot 48912 54720   - Channel: 老師訊息-112 (ID: 1308410318812090420)
INFO 2025-04-20 00:46:23,123 bot 48912 54720   - Channel: 比賽資訊 (ID: 1080298268308811796)
INFO 2025-04-20 00:46:23,123 bot 48912 54720   - Channel: 費用收據_請勿聊天 (ID: 1308026062860714004)
INFO 2025-04-20 00:46:23,123 bot 48912 54720   - Channel: 比賽照片_請勿聊天 (ID: 1308026283329851412)
INFO 2025-04-20 00:46:23,123 bot 48912 54720   - Channel: 專題製作-111 (ID: 1087695837079011348)
INFO 2025-04-20 00:46:23,123 bot 48912 54720   - Channel: 專題製作-112 (ID: 1298876974810402867)
INFO 2025-04-20 00:46:23,124 bot 48912 54720   - Channel: 遊戲區 (ID: 1211681129598287943)
INFO 2025-04-20 00:46:23,124 bot 48912 54720   - Channel: 每日簽到 (ID: 1227862940430893097)
INFO 2025-04-20 00:46:23,124 bot 48912 54720   - Channel: 暑假倒數 (ID: 1081622004756643981)
INFO 2025-04-20 00:46:23,124 bot 48912 54720   - Channel: 硬體買賣 (ID: 1093562341951537242)
INFO 2025-04-20 00:46:23,124 bot 48912 54720 - 取啥好呢(BOTtest) (ID: 1087353449299066921)
INFO 2025-04-20 00:46:23,124 bot 48912 54720   - Channel: discord內建訊息 (ID: 1337416533084737558)
INFO 2025-04-20 00:46:23,124 bot 48912 54720   - Channel: bot_test (ID: 1087353450079191072)
INFO 2025-04-20 00:46:23,124 bot 48912 54720   - Channel: 比賽資訊 (ID: 1337414495412293705)
INFO 2025-04-20 00:46:23,124 bot 48912 54720   - Channel: 公告發布 (ID: 1337414649217552384)
INFO 2025-04-20 00:46:23,124 bot 48912 54720   - Channel: 閒聊 (ID: 1337415742441652234)
INFO 2025-04-20 00:46:23,124 bot 48912 54720   - Channel: 專題製作 (ID: 1342103823019147295)
INFO 2025-04-20 00:46:23,125 bot 48912 54720 - BOT TEST (ID: 1348291139085533280)
INFO 2025-04-20 00:46:23,125 bot 48912 54720   - Channel: 欢迎-和-规则 (ID: 1348291139660156930)
INFO 2025-04-20 00:46:23,125 bot 48912 54720   - Channel: 笔记-资源 (ID: 1348291139660156931)
INFO 2025-04-20 00:46:23,125 bot 48912 54720   - Channel: 综合 (ID: 1348291139660156933)
INFO 2025-04-20 00:46:23,125 bot 48912 54720   - Channel: 作业帮助 (ID: 1348291139660156934)
INFO 2025-04-20 00:46:23,125 bot 48912 54720   - Channel: 会话规划 (ID: 1348291139660156935)
INFO 2025-04-20 00:46:23,125 bot 48912 54720   - Channel: 题外话 (ID: 1348291139660156936)
INFO 2025-04-20 00:46:23,125 bot 48912 54720   - Channel: 壯年運動會-老人復健 (ID: 1348293091702079498)
INFO 2025-04-20 00:46:23,126 bot 48912 54720   - Channel: 機器人測試頻道 (ID: 1355842370188349523)
INFO 2025-04-20 01:06:14,641 views 48912 57892 Stopping bot 2...
INFO 2025-04-20 01:06:14,641 bot 48912 57892 Stopping bot TEST...
ERROR 2025-04-20 01:06:14,642 bot 48912 57892 Error stopping bot: 
INFO 2025-04-20 01:06:22,593 views 48912 57892 Starting bot 2...
INFO 2025-04-20 01:06:22,594 bot 48912 57892 Starting bot TEST...
INFO 2025-04-20 01:06:22,595 bot 48912 36632 Running bot TEST with token: MTA4MTYyOD...
INFO 2025-04-20 01:06:26,011 bot 48912 36632 Bot 龍華物聯網專班專用機器人#0364 (ID: 1081628780281479168) has connected to Discord!
INFO 2025-04-20 01:06:26,011 bot 48912 36632 Connected to 3 guilds:
INFO 2025-04-20 01:06:26,011 bot 48912 36632 - 物聯網專班F717 (ID: 910869355380760636)
INFO 2025-04-20 01:06:26,012 bot 48912 36632   - Channel: 聊天、講幹話 (ID: 1037362701795602463)
INFO 2025-04-20 01:06:26,012 bot 48912 36632   - Channel: 課表-111 (ID: 1341205398321102970)
INFO 2025-04-20 01:06:26,012 bot 48912 36632   - Channel: 課表-112 (ID: 1341205446769512469)
INFO 2025-04-20 01:06:26,012 bot 48912 36632   - Channel: 老師訊息-111 (ID: 1308410287497674813)
INFO 2025-04-20 01:06:26,012 bot 48912 36632   - Channel: 老師訊息-112 (ID: 1308410318812090420)
INFO 2025-04-20 01:06:26,013 bot 48912 36632   - Channel: 比賽資訊 (ID: 1080298268308811796)
INFO 2025-04-20 01:06:26,013 bot 48912 36632   - Channel: 費用收據_請勿聊天 (ID: 1308026062860714004)
INFO 2025-04-20 01:06:26,013 bot 48912 36632   - Channel: 比賽照片_請勿聊天 (ID: 1308026283329851412)
INFO 2025-04-20 01:06:26,013 bot 48912 36632   - Channel: 專題製作-111 (ID: 1087695837079011348)
INFO 2025-04-20 01:06:26,013 bot 48912 36632   - Channel: 專題製作-112 (ID: 1298876974810402867)
INFO 2025-04-20 01:06:26,013 bot 48912 36632   - Channel: 遊戲區 (ID: 1211681129598287943)
INFO 2025-04-20 01:06:26,014 bot 48912 36632   - Channel: 每日簽到 (ID: 1227862940430893097)
INFO 2025-04-20 01:06:26,014 bot 48912 36632   - Channel: 暑假倒數 (ID: 1081622004756643981)
INFO 2025-04-20 01:06:26,014 bot 48912 36632   - Channel: 硬體買賣 (ID: 1093562341951537242)
INFO 2025-04-20 01:06:26,014 bot 48912 36632 - 取啥好呢(BOTtest) (ID: 1087353449299066921)
INFO 2025-04-20 01:06:26,014 bot 48912 36632   - Channel: discord內建訊息 (ID: 1337416533084737558)
INFO 2025-04-20 01:06:26,014 bot 48912 36632   - Channel: bot_test (ID: 1087353450079191072)
INFO 2025-04-20 01:06:26,014 bot 48912 36632   - Channel: 比賽資訊 (ID: 1337414495412293705)
INFO 2025-04-20 01:06:26,014 bot 48912 36632   - Channel: 公告發布 (ID: 1337414649217552384)
INFO 2025-04-20 01:06:26,014 bot 48912 36632   - Channel: 閒聊 (ID: 1337415742441652234)
INFO 2025-04-20 01:06:26,014 bot 48912 36632   - Channel: 專題製作 (ID: 1342103823019147295)
INFO 2025-04-20 01:06:26,015 bot 48912 36632 - BOT TEST (ID: 1348291139085533280)
INFO 2025-04-20 01:06:26,015 bot 48912 36632   - Channel: 欢迎-和-规则 (ID: 1348291139660156930)
INFO 2025-04-20 01:06:26,015 bot 48912 36632   - Channel: 笔记-资源 (ID: 1348291139660156931)
INFO 2025-04-20 01:06:26,015 bot 48912 36632   - Channel: 综合 (ID: 1348291139660156933)
INFO 2025-04-20 01:06:26,015 bot 48912 36632   - Channel: 作业帮助 (ID: 1348291139660156934)
INFO 2025-04-20 01:06:26,015 bot 48912 36632   - Channel: 会话规划 (ID: 1348291139660156935)
INFO 2025-04-20 01:06:26,015 bot 48912 36632   - Channel: 题外话 (ID: 1348291139660156936)
INFO 2025-04-20 01:06:26,015 bot 48912 36632   - Channel: 壯年運動會-老人復健 (ID: 1348293091702079498)
INFO 2025-04-20 01:06:26,015 bot 48912 36632   - Channel: 機器人測試頻道 (ID: 1355842370188349523)
